<?xml version="1.0" encoding="UTF-8"?>
<!-- Generated by org.testng.reporters.JUnitReportReporter -->
<testsuite hostname="sanket" failures="0" tests="8" name="testNG.testNG" time="0.013" errors="0" timestamp="2023-02-16T16:46:01 IST" skipped="0">
  <testcase classname="testNG.testNG" name="testB" time="0.004"/>
  <system-out/>
  <testcase classname="testNG.testNG" name="testC" time="0.001"/>
  <system-out/>
  <testcase classname="testNG.testNG" name="testB" time="0.000"/>
  <system-out/>
  <testcase classname="testNG.testNG" name="testD" time="0.002"/>
  <system-out/>
  <testcase classname="testNG.testNG" name="testA" time="0.004"/>
  <system-out/>
  <testcase classname="testNG.testNG" name="testA" time="0.001"/>
  <system-out/>
  <testcase classname="testNG.testNG" name="testD" time="0.000"/>
  <system-out/>
  <testcase classname="testNG.testNG" name="testC" time="0.001"/>
  <system-out/>
</testsuite> <!-- testNG.testNG -->
